<?xml version="1.0" encoding="UTF-8"?>
<!-- Generated by org.testng.reporters.JUnitReportReporter -->
<testsuite hostname="LAPTOP-K1LSNNGL" failures="0" tests="5" name="com.Flyaway.Flyaway_Capstone_API" time="1.745" errors="0" timestamp="2024-04-11T10:18:41 IST" skipped="0">
  <testcase classname="com.Flyaway.Flyaway_Capstone_API" name="testLoginAction" time="1.483"/>
  <system-out/>
  <testcase classname="com.Flyaway.Flyaway_Capstone_API" name="login" time="0.042"/>
  <system-out/>
  <testcase classname="com.Flyaway.Flyaway_Capstone_API" name="homepage" time="0.089"/>
  <system-out/>
  <testcase classname="com.Flyaway.Flyaway_Capstone_API" name="BookFlight" time="0.096"/>
  <system-out/>
  <testcase classname="com.Flyaway.Flyaway_Capstone_API" name="completepurchase" time="0.035"/>
  <system-out/>
</testsuite> <!-- com.Flyaway.Flyaway_Capstone_API -->
